[0m17:03:53.588707 [debug] [MainThread]: Sending event: {'category': 'dbt', 'action': 'invocation', 'label': 'start', 'context': [<snowplow_tracker.self_describing_json.SelfDescribingJson object at 0x109176b40>, <snowplow_tracker.self_describing_json.SelfDescribingJson object at 0x1091a5bb0>, <snowplow_tracker.self_describing_json.SelfDescribingJson object at 0x1091a57f0>]}


============================== 17:03:53.591487 | ff0d1e5b-ee14-467a-8e4d-5120f5fcf400 ==============================
[0m17:03:53.591487 [info ] [MainThread]: Running with dbt=1.7.17
[0m17:03:53.591833 [debug] [MainThread]: running dbt with arguments {'printer_width': '80', 'indirect_selection': 'eager', 'write_json': 'True', 'log_cache_events': 'False', 'partial_parse': 'True', 'cache_selected_only': 'False', 'warn_error': 'None', 'version_check': 'True', 'fail_fast': 'False', 'log_path': 'logs', 'profiles_dir': '/Users/albertosantinon/.dbt', 'debug': 'False', 'use_colors': 'True', 'use_experimental_parser': 'False', 'no_print': 'None', 'quiet': 'False', 'log_format': 'default', 'introspect': 'True', 'invocation_command': 'dbt debug', 'static_parser': 'True', 'target_path': 'None', 'warn_error_options': 'WarnErrorOptions(include=[], exclude=[])', 'send_anonymous_usage_stats': 'True'}
[0m17:03:53.592205 [info ] [MainThread]: dbt version: 1.7.17
[0m17:03:53.592438 [info ] [MainThread]: python version: 3.12.1
[0m17:03:53.592667 [info ] [MainThread]: python path: /Users/albertosantinon/Documents/dev/.venv/bin/python
[0m17:03:53.592844 [info ] [MainThread]: os info: macOS-14.5-arm64-arm-64bit
[0m17:03:53.593037 [info ] [MainThread]: Using profiles dir at /Users/albertosantinon/.dbt
[0m17:03:53.593199 [info ] [MainThread]: Using profiles.yml file at /Users/albertosantinon/.dbt/profiles.yml
[0m17:03:53.593355 [info ] [MainThread]: Using dbt_project.yml file at /Users/albertosantinon/Documents/dev/dbt_project.yml
[0m17:03:53.593508 [info ] [MainThread]: Configuration:
[0m17:03:53.593652 [info ] [MainThread]:   profiles.yml file [[31mERROR not found[0m]
[0m17:03:53.593804 [info ] [MainThread]:   dbt_project.yml file [[31mERROR not found[0m]
[0m17:03:53.593949 [info ] [MainThread]: Required dependencies:
[0m17:03:53.594137 [debug] [MainThread]: Executing "git --help"
[0m17:03:53.606053 [debug] [MainThread]: STDOUT: "b"usage: git [-v | --version] [-h | --help] [-C <path>] [-c <name>=<value>]\n           [--exec-path[=<path>]] [--html-path] [--man-path] [--info-path]\n           [-p | --paginate | -P | --no-pager] [--no-replace-objects] [--bare]\n           [--git-dir=<path>] [--work-tree=<path>] [--namespace=<name>]\n           [--super-prefix=<path>] [--config-env=<name>=<envvar>]\n           <command> [<args>]\n\nThese are common Git commands used in various situations:\n\nstart a working area (see also: git help tutorial)\n   clone     Clone a repository into a new directory\n   init      Create an empty Git repository or reinitialize an existing one\n\nwork on the current change (see also: git help everyday)\n   add       Add file contents to the index\n   mv        Move or rename a file, a directory, or a symlink\n   restore   Restore working tree files\n   rm        Remove files from the working tree and from the index\n\nexamine the history and state (see also: git help revisions)\n   bisect    Use binary search to find the commit that introduced a bug\n   diff      Show changes between commits, commit and working tree, etc\n   grep      Print lines matching a pattern\n   log       Show commit logs\n   show      Show various types of objects\n   status    Show the working tree status\n\ngrow, mark and tweak your common history\n   branch    List, create, or delete branches\n   commit    Record changes to the repository\n   merge     Join two or more development histories together\n   rebase    Reapply commits on top of another base tip\n   reset     Reset current HEAD to the specified state\n   switch    Switch branches\n   tag       Create, list, delete or verify a tag object signed with GPG\n\ncollaborate (see also: git help workflows)\n   fetch     Download objects and refs from another repository\n   pull      Fetch from and integrate with another repository or a local branch\n   push      Update remote refs along with associated objects\n\n'git help -a' and 'git help -g' list available subcommands and some\nconcept guides. See 'git help <command>' or 'git help <concept>'\nto read about a specific subcommand or concept.\nSee 'git help git' for an overview of the system.\n""
[0m17:03:53.606569 [debug] [MainThread]: STDERR: "b''"
[0m17:03:53.606755 [info ] [MainThread]:  - git [[32mOK found[0m]

[0m17:03:53.606926 [info ] [MainThread]: Connection test skipped since no profile was found
[0m17:03:53.607107 [info ] [MainThread]: [31m2 checks failed:[0m
[0m17:03:53.607257 [info ] [MainThread]: dbt looked for a profiles.yml file in /Users/albertosantinon/.dbt/profiles.yml, but did
not find one. For more information on configuring your profile, consult the
documentation:

https://docs.getdbt.com/docs/configure-your-profile


[0m17:03:53.607407 [info ] [MainThread]: Project loading failed for the following reason:
 project path </Users/albertosantinon/Documents/dev/dbt_project.yml> not found

[0m17:03:53.608980 [debug] [MainThread]: Resource report: {"command_name": "debug", "command_wall_clock_time": 0.047076292, "process_user_time": 0.876442, "process_kernel_time": 0.110023, "process_mem_max_rss": "99483648", "command_success": false, "process_in_blocks": "0", "process_out_blocks": "0"}
[0m17:03:53.609366 [debug] [MainThread]: Command `dbt debug` failed at 17:03:53.609288 after 0.05 seconds
[0m17:03:53.609623 [debug] [MainThread]: Sending event: {'category': 'dbt', 'action': 'invocation', 'label': 'end', 'context': [<snowplow_tracker.self_describing_json.SelfDescribingJson object at 0x109145520>, <snowplow_tracker.self_describing_json.SelfDescribingJson object at 0x108de9640>, <snowplow_tracker.self_describing_json.SelfDescribingJson object at 0x109176b40>]}
[0m17:03:53.609866 [debug] [MainThread]: Flushing usage events
[0m17:04:03.457051 [debug] [MainThread]: Sending event: {'category': 'dbt', 'action': 'invocation', 'label': 'start', 'context': [<snowplow_tracker.self_describing_json.SelfDescribingJson object at 0x108f19160>, <snowplow_tracker.self_describing_json.SelfDescribingJson object at 0x108f4e000>, <snowplow_tracker.self_describing_json.SelfDescribingJson object at 0x108f4dd30>]}


============================== 17:04:03.459320 | 3d99598f-6f48-43d4-8608-d11c38abe1f5 ==============================
[0m17:04:03.459320 [info ] [MainThread]: Running with dbt=1.7.17
[0m17:04:03.459641 [debug] [MainThread]: running dbt with arguments {'printer_width': '80', 'indirect_selection': 'eager', 'log_cache_events': 'False', 'write_json': 'True', 'partial_parse': 'True', 'cache_selected_only': 'False', 'profiles_dir': '/Users/albertosantinon/.dbt', 'fail_fast': 'False', 'version_check': 'True', 'log_path': 'logs', 'warn_error': 'None', 'debug': 'False', 'use_colors': 'True', 'use_experimental_parser': 'False', 'no_print': 'None', 'quiet': 'False', 'warn_error_options': 'WarnErrorOptions(include=[], exclude=[])', 'introspect': 'True', 'static_parser': 'True', 'invocation_command': 'dbt deps', 'target_path': 'None', 'log_format': 'default', 'send_anonymous_usage_stats': 'True'}
[0m17:04:03.460070 [error] [MainThread]: Encountered an error:
Runtime Error
  No dbt_project.yml found at expected path /Users/albertosantinon/Documents/dev/dbt_project.yml
  Verify that each entry within packages.yml (and their transitive dependencies) contains a file named dbt_project.yml
  
[0m17:04:03.460852 [debug] [MainThread]: Resource report: {"command_name": "deps", "command_wall_clock_time": 0.029721707, "process_user_time": 0.87554, "process_kernel_time": 0.073904, "process_mem_max_rss": "99926016", "command_success": false, "process_in_blocks": "0", "process_out_blocks": "0"}
[0m17:04:03.461160 [debug] [MainThread]: Command `dbt deps` failed at 17:04:03.461093 after 0.03 seconds
[0m17:04:03.461346 [debug] [MainThread]: Sending event: {'category': 'dbt', 'action': 'invocation', 'label': 'end', 'context': [<snowplow_tracker.self_describing_json.SelfDescribingJson object at 0x108e038c0>, <snowplow_tracker.self_describing_json.SelfDescribingJson object at 0x108f4df10>, <snowplow_tracker.self_describing_json.SelfDescribingJson object at 0x108f4e420>]}
[0m17:04:03.461534 [debug] [MainThread]: Flushing usage events
[0m17:08:54.636518 [debug] [MainThread]: Sending event: {'category': 'dbt', 'action': 'invocation', 'label': 'start', 'context': [<snowplow_tracker.self_describing_json.SelfDescribingJson object at 0x10a1b60c0>, <snowplow_tracker.self_describing_json.SelfDescribingJson object at 0x10a1ee210>, <snowplow_tracker.self_describing_json.SelfDescribingJson object at 0x10a1edeb0>]}


============================== 17:08:54.639634 | 3bb69f4c-abab-42b7-a9ec-13b6e2e5f779 ==============================
[0m17:08:54.639634 [info ] [MainThread]: Running with dbt=1.7.17
[0m17:08:54.639981 [debug] [MainThread]: running dbt with arguments {'printer_width': '80', 'indirect_selection': 'eager', 'write_json': 'True', 'log_cache_events': 'False', 'partial_parse': 'True', 'cache_selected_only': 'False', 'warn_error': 'None', 'debug': 'False', 'version_check': 'True', 'log_path': 'logs', 'fail_fast': 'False', 'profiles_dir': '/Users/albertosantinon/.dbt', 'use_colors': 'True', 'use_experimental_parser': 'False', 'no_print': 'None', 'quiet': 'False', 'warn_error_options': 'WarnErrorOptions(include=[], exclude=[])', 'introspect': 'True', 'log_format': 'default', 'static_parser': 'True', 'target_path': 'None', 'invocation_command': 'dbt debug', 'send_anonymous_usage_stats': 'True'}
[0m17:08:54.640357 [info ] [MainThread]: dbt version: 1.7.17
[0m17:08:54.640530 [info ] [MainThread]: python version: 3.12.1
[0m17:08:54.640688 [info ] [MainThread]: python path: /Users/albertosantinon/Documents/dev/.venv/bin/python
[0m17:08:54.640839 [info ] [MainThread]: os info: macOS-14.5-arm64-arm-64bit
[0m17:08:54.641014 [info ] [MainThread]: Using profiles dir at /Users/albertosantinon/.dbt
[0m17:08:54.641159 [info ] [MainThread]: Using profiles.yml file at /Users/albertosantinon/.dbt/profiles.yml
[0m17:08:54.641305 [info ] [MainThread]: Using dbt_project.yml file at /Users/albertosantinon/Documents/dev/dbt_project.yml
[0m17:08:54.641456 [info ] [MainThread]: Configuration:
[0m17:08:54.641597 [info ] [MainThread]:   profiles.yml file [[31mERROR not found[0m]
[0m17:08:54.641742 [info ] [MainThread]:   dbt_project.yml file [[31mERROR not found[0m]
[0m17:08:54.641885 [info ] [MainThread]: Required dependencies:
[0m17:08:54.642062 [debug] [MainThread]: Executing "git --help"
[0m17:08:54.655051 [debug] [MainThread]: STDOUT: "b"usage: git [-v | --version] [-h | --help] [-C <path>] [-c <name>=<value>]\n           [--exec-path[=<path>]] [--html-path] [--man-path] [--info-path]\n           [-p | --paginate | -P | --no-pager] [--no-replace-objects] [--bare]\n           [--git-dir=<path>] [--work-tree=<path>] [--namespace=<name>]\n           [--super-prefix=<path>] [--config-env=<name>=<envvar>]\n           <command> [<args>]\n\nThese are common Git commands used in various situations:\n\nstart a working area (see also: git help tutorial)\n   clone     Clone a repository into a new directory\n   init      Create an empty Git repository or reinitialize an existing one\n\nwork on the current change (see also: git help everyday)\n   add       Add file contents to the index\n   mv        Move or rename a file, a directory, or a symlink\n   restore   Restore working tree files\n   rm        Remove files from the working tree and from the index\n\nexamine the history and state (see also: git help revisions)\n   bisect    Use binary search to find the commit that introduced a bug\n   diff      Show changes between commits, commit and working tree, etc\n   grep      Print lines matching a pattern\n   log       Show commit logs\n   show      Show various types of objects\n   status    Show the working tree status\n\ngrow, mark and tweak your common history\n   branch    List, create, or delete branches\n   commit    Record changes to the repository\n   merge     Join two or more development histories together\n   rebase    Reapply commits on top of another base tip\n   reset     Reset current HEAD to the specified state\n   switch    Switch branches\n   tag       Create, list, delete or verify a tag object signed with GPG\n\ncollaborate (see also: git help workflows)\n   fetch     Download objects and refs from another repository\n   pull      Fetch from and integrate with another repository or a local branch\n   push      Update remote refs along with associated objects\n\n'git help -a' and 'git help -g' list available subcommands and some\nconcept guides. See 'git help <command>' or 'git help <concept>'\nto read about a specific subcommand or concept.\nSee 'git help git' for an overview of the system.\n""
[0m17:08:54.655602 [debug] [MainThread]: STDERR: "b''"
[0m17:08:54.655806 [info ] [MainThread]:  - git [[32mOK found[0m]

[0m17:08:54.655997 [info ] [MainThread]: Connection test skipped since no profile was found
[0m17:08:54.656191 [info ] [MainThread]: [31m2 checks failed:[0m
[0m17:08:54.656355 [info ] [MainThread]: dbt looked for a profiles.yml file in /Users/albertosantinon/.dbt/profiles.yml, but did
not find one. For more information on configuring your profile, consult the
documentation:

https://docs.getdbt.com/docs/configure-your-profile


[0m17:08:54.656523 [info ] [MainThread]: Project loading failed for the following reason:
 project path </Users/albertosantinon/Documents/dev/dbt_project.yml> not found

[0m17:08:54.657471 [debug] [MainThread]: Resource report: {"command_name": "debug", "command_wall_clock_time": 0.04701971, "process_user_time": 0.866203, "process_kernel_time": 0.073489, "process_mem_max_rss": "98172928", "command_success": false, "process_in_blocks": "0", "process_out_blocks": "0"}
[0m17:08:54.657807 [debug] [MainThread]: Command `dbt debug` failed at 17:08:54.657743 after 0.05 seconds
[0m17:08:54.658058 [debug] [MainThread]: Sending event: {'category': 'dbt', 'action': 'invocation', 'label': 'end', 'context': [<snowplow_tracker.self_describing_json.SelfDescribingJson object at 0x109f69460>, <snowplow_tracker.self_describing_json.SelfDescribingJson object at 0x10a09e480>, <snowplow_tracker.self_describing_json.SelfDescribingJson object at 0x10a1b60c0>]}
[0m17:08:54.658307 [debug] [MainThread]: Flushing usage events
